Command line:
   tb_motor_ctrl_top_isim_beh.exe
     -simmode  gui
     -simrunnum  0
     -socket  62915

Sun May 11 02:38:32 2025


 Elaboration Time: 0.015625 sec

 Current Memory Usage: 5151.49 Meg

 Total Signals          : 164
 Total Nets             : 212
 Total Signal Drivers   : 74
 Total Blocks           : 18
 Total Primitive Blocks : 14
 Total Processes        : 55
 Total Traceable Variables  : 40
 Total Scalar Nets and Variables : 736

** Failure:End of simulation
User(VHDL) Code Called Simulation Stop
In process tb_motor_ctrl_top.vhd:stim_proc 
 


 Total Simulation Time: 0.21875 sec

 Current Memory Usage: 5466.07 Meg

Sun May 11 02:39:13 2025

