ISim log file
Running: C:\2025_4J\pwm\tb_pwm_control_isim_beh.exe -intstyle ise -gui -tclbatch isim.cmd -wdb C:/2025_4J/pwm/tb_pwm_control_isim_beh.wdb 
INFO: There is another simulation running in the same directory. Using database file name isim1.wdb.
ISim P.20131013 (signature 0x7708f090)
WARNING: A WEBPACK license was found.
WARNING: Please use Xilinx License Configuration Manager to check out a full ISim license.
WARNING: ISim will run in Lite mode. Please refer to the ISim documentation for more information on the differences between the Lite and the Full version.
This is a Lite version of ISim.
Time resolution is 1 ps
# onerror resume
# wave add /
# run 1000 ns
Simulator is doing circuit initialization process.
Finished circuit initialization process.

** Failure:Fin de la simulación
User(VHDL) Code Called Simulation Stop
In process test.vhd:stimulus_process 
 
INFO: Simulator is stopped.
# run 1.00us
INFO: Simulator is stopped.
