

Microchip Technology PIC18 PRO Macro Assembler V1.41 build -162212810 
                                                                                               Wed May 21 13:55:34 2025

Microchip Technology Omniscient Code Generator v1.41 (PRO mode) build 201701250102
     1                           	processor	18F4550
     2                           	fnconf	rparam,??,?,0
     3                           	opt	pw 120
     4                           	opt	pm
     5                           	psect	smallconst,global,reloc=2,class=SMALLCONST,delta=1,noexec
     6                           	psect	cinit,global,reloc=2,class=CODE,delta=1
     7                           	psect	bssCOMRAM,global,class=COMRAM,space=1,delta=1,noexec
     8                           	psect	cstackCOMRAM,global,class=COMRAM,space=1,delta=1,noexec
     9                           	psect	text0,global,reloc=2,class=CODE,delta=1
    10                           	psect	text1,global,reloc=2,class=CODE,delta=1,inline
    11                           	psect	text2,global,reloc=2,class=CODE,delta=1
    12                           	psect	text3,global,reloc=2,class=CODE,delta=1,inline
    13                           	psect	text4,global,reloc=2,class=CODE,delta=1,inline
    14                           	psect	intcode,global,reloc=2,class=CODE,delta=1
    15                           	psect	intcode_body,global,reloc=2,class=CODE,delta=1
    16                           	psect	intsave_regs,global,class=BIGRAM,space=1,delta=1,noexec
    17                           	psect	rparam,global,class=COMRAM,space=1,delta=1,noexec
    18                           	psect	temp,global,ovrld,common,class=COMRAM,space=1,delta=1
    19                           	psect	pa_nodes0,global,class=CODE,delta=1
    20  0000                     
    21                           ; Version 1.41
    22                           ; Generated 25/01/2017 GMT
    23                           ; 
    24                           ; Copyright © 2017, Microchip Technology Inc. and its subsidiaries ("Microchip")
    25                           ; All rights reserved.
    26                           ; 
    27                           ; This software is developed by Microchip Technology Inc. and its subsidiaries ("Microch
      +                          ip").
    28                           ; 
    29                           ; Redistribution and use in source and binary forms, with or without modification, are
    30                           ; permitted provided that the following conditions are met:
    31                           ; 
    32                           ;     1. Redistributions of source code must retain the above copyright notice, this lis
      +                          t of
    33                           ;        conditions and the following disclaimer.
    34                           ; 
    35                           ;     2. Redistributions in binary form must reproduce the above copyright notice, this 
      +                          list
    36                           ;        of conditions and the following disclaimer in the documentation and/or other
    37                           ;        materials provided with the distribution.
    38                           ; 
    39                           ;     3. Microchip's name may not be used to endorse or promote products derived from th
      +                          is
    40                           ;        software without specific prior written permission.
    41                           ; 
    42                           ; THIS SOFTWARE IS PROVIDED BY MICROCHIP "AS IS" AND ANY EXPRESS OR IMPLIED WARRANTIES,
    43                           ; INCLUDING, BUT NOT LIMITED TO, THE IMPLIED WARRANTIES OF MERCHANTABILITY AND FITNESS F
      +                          OR
    44                           ; PURPOSE ARE DISCLAIMED.  IN NO EVENT SHALL MICROCHIP BE LIABLE FOR ANY DIRECT, INDIREC
      +                          T,
    45                           ; INCIDENTAL, SPECIAL, EXEMPLARY, OR CONSEQUENTIAL DAMAGES (INCLUDING BUT NOT LIMITED TO
    46                           ; PROCUREMENT OF SUBSTITUTE GOODS OR SERVICES; LOSS OF USE, DATA OR PROFITS; OR BUSINESS
    47                           ; INTERRUPTION) HOWSOEVER CAUSED AND ON ANY THEORY OF LIABILITY, WHETHER IN CONTRACT, ST
      +                          RICT
    48                           ; LIABILITY, OR TORT (INCLUDING NEGLIGENCE OR OTHERWISE) ARISING IN ANY WAY OUT OF THE U
      +                          SE OF
    49                           ; THIS SOFTWARE, EVEN IF ADVISED OF THE POSSIBILITY OF SUCH DAMAGE.
    50                           ; 
    51                           ; 
    52                           ; Code-generator required, PIC18F4550 Definitions
    53                           ; 
    54                           ; SFR Addresses
    55  0000                     intcon	equ	0xFF2
    56                           intcon2	equ	0xFF1
    57                           wreg	equ	0xFE8
    58                           status	equ	0xFD8
    59                           
    60                           	psect	smallconst
    61  001012                     __psmallconst:
    62                           	opt stack 0
    63  001012  00                 	db	0
    64  001013                     _delta:
    65                           	opt stack 0
    66  001013  00                 	db	0
    67  001014  01                 	db	1
    68  001015  FF                 	db	255
    69  001016  00                 	db	0
    70  001017  FF                 	db	255
    71  001018  00                 	db	0
    72  001019  00                 	db	0
    73  00101A  01                 	db	1
    74  00101B  01                 	db	1
    75  00101C  00                 	db	0
    76  00101D  00                 	db	0
    77  00101E  FF                 	db	255
    78  00101F  00                 	db	0
    79  001020  FF                 	db	255
    80  001021  01                 	db	1
    81  001022  00                 	db	0
    82  001023                     __end_of_delta:
    83                           	opt stack 0
    84  0000                     _RCONbits	set	4048
    85  0000                     _INTCON2bits	set	4081
    86  0000                     _TRISE	set	3990
    87  0000                     _TRISB	set	3987
    88  0000                     _TRISC	set	3988
    89  0000                     _TRISD	set	3989
    90  0000                     _CMCON	set	4020
    91  0000                     _ADCON1	set	4033
    92  0000                     _INTCONbits	set	4082
    93  0000                     _PORTE	set	3972
    94  0000                     _PORTB	set	3969
    95  0000                     _PORTC	set	3970
    96  0000                     _PORTD	set	3971
    97  0000                     _TXREG	set	4013
    98  0000                     _TXSTAbits	set	4012
    99  0000                     _SPBRG	set	4015
   100  0000                     _SPBRGH	set	4016
   101  0000                     _BAUDCON	set	4024
   102  0000                     _RCSTA	set	4011
   103  0000                     _TXSTA	set	4012
   104  0000                     _TRISCbits	set	3988
   105  001023  00                 	db	0	; dummy byte at the end
   106  0000                     intcon	equ	0xFF2
   107                           intcon2	equ	0xFF1
   108                           wreg	equ	0xFE8
   109                           status	equ	0xFD8
   110                           
   111                           ; #config settings
   112                           
   113                           	psect	cinit
   114  00129C                     __pcinit:
   115                           	opt stack 0
   116  00129C                     start_initialization:
   117                           	opt stack 0
   118  00129C                     __initialization:
   119                           	opt stack 0
   120                           
   121                           ; Clear objects allocated to COMRAM (11 bytes)
   122  00129C  EE00  F030         	lfsr	0,__pbssCOMRAM
   123  0012A0  0E0B               	movlw	11
   124  0012A2                     clear_0:
   125  0012A2  6AEE               	clrf	postinc0,c
   126  0012A4  06E8               	decf	wreg,f,c
   127  0012A6  E1FD               	bnz	clear_0
   128  0012A8                     end_of_initialization:
   129                           	opt stack 0
   130  0012A8                     __end_of__initialization:
   131                           	opt stack 0
   132  0012A8  903B               	bcf	int$flags,0,c	;clear compiler interrupt flag (level 1)
   133  0012AA  923B               	bcf	int$flags,1,c	;clear compiler interrupt flag (level 2)
   134  0012AC  0E00               	movlw	low (__Lsmallconst shr (0+16))
   135  0012AE  6EF8               	movwf	tblptru,c
   136  0012B0  0E10               	movlw	high __Lsmallconst
   137  0012B2  6EF7               	movwf	tblptrh,c
   138  0012B4  0100               	movlb	0
   139  0012B6  EF12  F008         	goto	_main	;jump to C main() function
   140                           tblptru	equ	0xFF8
   141                           tblptrh	equ	0xFF7
   142                           intcon	equ	0xFF2
   143                           intcon2	equ	0xFF1
   144                           postinc0	equ	0xFEE
   145                           wreg	equ	0xFE8
   146                           status	equ	0xFD8
   147                           
   148                           	psect	bssCOMRAM
   149  000030                     __pbssCOMRAM:
   150                           	opt stack 0
   151  000030                     _cntR:
   152                           	opt stack 0
   153  000030                     	ds	4
   154  000034                     _cntL:
   155                           	opt stack 0
   156  000034                     	ds	4
   157  000038                     isr@prevR:
   158                           	opt stack 0
   159  000038                     	ds	1
   160  000039                     isr@prevL:
   161                           	opt stack 0
   162  000039                     	ds	1
   163  00003A                     isr@prev:
   164                           	opt stack 0
   165  00003A                     	ds	1
   166                           tblptru	equ	0xFF8
   167                           tblptrh	equ	0xFF7
   168                           intcon	equ	0xFF2
   169                           intcon2	equ	0xFF1
   170                           postinc0	equ	0xFEE
   171                           wreg	equ	0xFE8
   172                           status	equ	0xFD8
   173                           
   174                           	psect	cstackCOMRAM
   175  000001                     __pcstackCOMRAM:
   176                           	opt stack 0
   177  000001                     ??_isr:
   178  000001                     
   179                           ; 1 bytes @ 0x0
   180  000001                     	ds	10
   181  00000B                     isr@edges:
   182                           	opt stack 0
   183                           
   184                           ; 1 bytes @ 0xA
   185  00000B                     	ds	1
   186  00000C                     isr@currL:
   187                           	opt stack 0
   188                           
   189                           ; 1 bytes @ 0xB
   190  00000C                     	ds	1
   191  00000D                     isr@currR:
   192                           	opt stack 0
   193                           
   194                           ; 1 bytes @ 0xC
   195  00000D                     	ds	1
   196  00000E                     isr@rb:
   197                           	opt stack 0
   198                           
   199                           ; 1 bytes @ 0xD
   200  00000E                     	ds	1
   201  00000F                     ??_leerLinea2:
   202  00000F                     uart_put@v:
   203                           	opt stack 0
   204                           
   205                           ; 1 bytes @ 0xE
   206  00000F                     	ds	5
   207  000014                     leerLinea2@c:
   208                           	opt stack 0
   209                           
   210                           ; 1 bytes @ 0x13
   211  000014                     	ds	1
   212  000015                     leerLinea2@b:
   213                           	opt stack 0
   214                           
   215                           ; 1 bytes @ 0x14
   216  000015                     	ds	1
   217  000016                     leerLinea2@e:
   218                           	opt stack 0
   219                           
   220                           ; 1 bytes @ 0x15
   221  000016                     	ds	1
   222  000017                     ??_main:
   223                           
   224                           ; 1 bytes @ 0x16
   225  000017                     	ds	2
   226  000019                     main@lastL:
   227                           	opt stack 0
   228                           
   229                           ; 4 bytes @ 0x18
   230  000019                     	ds	4
   231  00001D                     main@lastR:
   232                           	opt stack 0
   233                           
   234                           ; 4 bytes @ 0x1C
   235  00001D                     	ds	4
   236  000021                     main@chk:
   237                           	opt stack 0
   238                           
   239                           ; 1 bytes @ 0x20
   240  000021                     	ds	1
   241  000022                     main@curL:
   242                           	opt stack 0
   243                           
   244                           ; 4 bytes @ 0x21
   245  000022                     	ds	4
   246  000026                     main@curR:
   247                           	opt stack 0
   248                           
   249                           ; 4 bytes @ 0x25
   250  000026                     	ds	4
   251  00002A                     main@s1:
   252                           	opt stack 0
   253                           
   254                           ; 1 bytes @ 0x29
   255  00002A                     	ds	1
   256  00002B                     main@s2:
   257                           	opt stack 0
   258                           
   259                           ; 1 bytes @ 0x2A
   260  00002B                     	ds	1
   261  00002C                     main@dL:
   262                           	opt stack 0
   263                           
   264                           ; 2 bytes @ 0x2B
   265  00002C                     	ds	2
   266  00002E                     main@dR:
   267                           	opt stack 0
   268                           
   269                           ; 2 bytes @ 0x2D
   270  00002E                     	ds	2
   271                           tblptru	equ	0xFF8
   272                           tblptrh	equ	0xFF7
   273                           intcon	equ	0xFF2
   274                           intcon2	equ	0xFF1
   275                           postinc0	equ	0xFEE
   276                           wreg	equ	0xFE8
   277                           status	equ	0xFD8
   278                           
   279 ;;
   280 ;;Main: autosize = 0, tempsize = 2, incstack = 0, save=0
   281 ;;
   282 ;; *************** function _main *****************
   283 ;; Defined at:
   284 ;;		line 73 in file "main.c"
   285 ;; Parameters:    Size  Location     Type
   286 ;;		None
   287 ;; Auto vars:     Size  Location     Type
   288 ;;  curR            4   37[COMRAM] long 
   289 ;;  curL            4   33[COMRAM] long 
   290 ;;  dR              2   45[COMRAM] int 
   291 ;;  dL              2   43[COMRAM] int 
   292 ;;  s2              1   42[COMRAM] unsigned char 
   293 ;;  s1              1   41[COMRAM] unsigned char 
   294 ;;  chk             1   32[COMRAM] unsigned char 
   295 ;;  lastR           4   28[COMRAM] long 
   296 ;;  lastL           4   24[COMRAM] long 
   297 ;;  dummy           1    0        unsigned char 
   298 ;; Return value:  Size  Location     Type
   299 ;;                  1    wreg      void 
   300 ;; Registers used:
   301 ;;		wreg, status,2, status,0, cstack
   302 ;; Tracked objects:
   303 ;;		On entry : 0/0
   304 ;;		On exit  : 0/0
   305 ;;		Unchanged: 0/0
   306 ;; Data sizes:     COMRAM   BANK0   BANK1   BANK2   BANK3   BANK4   BANK5   BANK6   BANK7
   307 ;;      Params:         0       0       0       0       0       0       0       0       0
   308 ;;      Locals:        23       0       0       0       0       0       0       0       0
   309 ;;      Temps:          2       0       0       0       0       0       0       0       0
   310 ;;      Totals:        25       0       0       0       0       0       0       0       0
   311 ;;Total ram usage:       25 bytes
   312 ;; Hardware stack levels required when called:    2
   313 ;; This function calls:
   314 ;;		_leerLinea1
   315 ;;		_leerLinea2
   316 ;;		_uart_init
   317 ;;		_uart_put
   318 ;; This function is called by:
   319 ;;		Startup code after reset
   320 ;; This function uses a non-reentrant model
   321 ;;
   322                           
   323                           	psect	text0
   324  001024                     __ptext0:
   325                           	opt stack 0
   326  001024                     _main:
   327                           	opt stack 29
   328                           
   329                           ;main.c: 76: ADCON1 = 0x0F; CMCON = 0x07;
   330                           
   331                           ;incstack = 0
   332  001024  0E0F               	movlw	15
   333  001026  6EC1               	movwf	4033,c	;volatile
   334  001028  0E07               	movlw	7
   335  00102A  6EB4               	movwf	4020,c	;volatile
   336                           
   337                           ;main.c: 77: TRISD = 0xFF;
   338  00102C  6895               	setf	3989,c	;volatile
   339                           
   340                           ;main.c: 78: TRISC |= 0x07;
   341  00102E  0E07               	movlw	7
   342  001030  1294               	iorwf	3988,f,c	;volatile
   343                           
   344                           ;main.c: 79: TRISB |= 0xDF;
   345  001032  0EDF               	movlw	223
   346  001034  1293               	iorwf	3987,f,c	;volatile
   347                           
   348                           ;main.c: 80: TRISE |= 0x03;
   349  001036  0E03               	movlw	3
   350  001038  1296               	iorwf	3990,f,c	;volatile
   351                           
   352                           ;main.c: 81: INTCON2bits.RBPU = 0;
   353  00103A  9EF1               	bcf	intcon2,7,c	;volatile
   354                           
   355                           ;main.c: 83: uart_init();
   356  00103C  EC5D  F009         	call	_uart_init	;wreg free
   357                           
   358                           ;main.c: 86: uint8_t dummy = PORTB; (void)dummy;
   359  001040  5081               	movf	3969,w,c	;volatile
   360                           
   361                           ;main.c: 87: INTCONbits.RBIF = 0; INTCONbits.RBIE = 1;
   362  001042  90F2               	bcf	intcon,0,c	;volatile
   363  001044  86F2               	bsf	intcon,3,c	;volatile
   364                           
   365                           ;main.c: 88: RCONbits.IPEN = 0; INTCONbits.GIE = 1;
   366  001046  9ED0               	bcf	4048,7,c	;volatile
   367  001048  8EF2               	bsf	intcon,7,c	;volatile
   368                           
   369                           ;main.c: 90: long lastL = 0, lastR = 0;
   370  00104A  6A19               	clrf	main@lastL,c
   371  00104C  6A1A               	clrf	main@lastL+1,c
   372  00104E  6A1B               	clrf	main@lastL+2,c
   373  001050  6A1C               	clrf	main@lastL+3,c
   374  001052  6A1D               	clrf	main@lastR,c
   375  001054  6A1E               	clrf	main@lastR+1,c
   376  001056  6A1F               	clrf	main@lastR+2,c
   377  001058  6A20               	clrf	main@lastR+3,c
   378  00105A                     i1L__ptext4:
   379                           	opt stack 0
   380  00105A                     i1L_leerLinea1:
   381                           	opt stack 0
   382  00105A                     i1Ll695:
   383                           	opt stack 29
   384  00105A  5083               	movf	3971,w,c	;volatile
   385  00105C                     i1Ll56:
   386                           	opt stack 29
   387  00105C  6E2A               	movwf	main@s1,c
   388  00105E                     i2L__ptext3:
   389                           	opt stack 0
   390  00105E                     i2L_leerLinea2:
   391                           	opt stack 0
   392  00105E                     i2Ll699:
   393                           	opt stack 29
   394                           
   395                           ;main.c: 31: uint8_t c = PORTC & 0x07;
   396  00105E  5082               	movf	3970,w,c	;volatile
   397  001060  0B07               	andlw	7
   398  001062  6E14               	movwf	leerLinea2@c,c
   399                           
   400                           ;main.c: 32: uint8_t b = (PORTB & 0x04)<<1 |
   401                           ;main.c: 33: (PORTB & 0x08)<<1 |
   402                           ;main.c: 34: (PORTB & 0x10)<<1;
   403  001064  CF81 F00F          	movff	3969,??_leerLinea2	;volatile
   404  001068  0E10               	movlw	16
   405  00106A  160F               	andwf	??_leerLinea2,f,c
   406  00106C  90D8               	bcf	status,0,c
   407  00106E  340F               	rlcf	??_leerLinea2,w,c
   408  001070  6E10               	movwf	(??_leerLinea2+1)& (0+255),c
   409  001072  CF81 F011          	movff	3969,??_leerLinea2+2	;volatile
   410  001076  0E08               	movlw	8
   411  001078  1611               	andwf	??_leerLinea2+2,f,c
   412  00107A  90D8               	bcf	status,0,c
   413  00107C  3411               	rlcf	??_leerLinea2+2,w,c
   414  00107E  6E12               	movwf	(??_leerLinea2+3)& (0+255),c
   415  001080  CF81 F013          	movff	3969,??_leerLinea2+4	;volatile
   416  001084  0E04               	movlw	4
   417  001086  1613               	andwf	??_leerLinea2+4,f,c
   418  001088  90D8               	bcf	status,0,c
   419  00108A  3413               	rlcf	??_leerLinea2+4,w,c
   420  00108C  1012               	iorwf	??_leerLinea2+3,w,c
   421  00108E  1010               	iorwf	??_leerLinea2+1,w,c
   422  001090  6E15               	movwf	leerLinea2@b,c
   423                           
   424                           ;main.c: 35: uint8_t e = (PORTE & 0x03) << 6;
   425  001092  CF84 F00F          	movff	3972,??_leerLinea2	;volatile
   426  001096  0E03               	movlw	3
   427  001098  160F               	andwf	??_leerLinea2,f,c
   428  00109A  0E06               	movlw	6
   429  00109C  6E10               	movwf	(??_leerLinea2+1)& (0+255),c
   430  00109E                     i2Lu25:
   431                           	opt stack 29
   432  00109E  90D8               	bcf	status,0,c
   433  0010A0  360F               	rlcf	??_leerLinea2,f,c
   434  0010A2  2E10               	decfsz	(??_leerLinea2+1)& (0+255),f,c
   435  0010A4  D7FC               	goto	i2Lu25
   436  0010A6  500F               	movf	??_leerLinea2,w,c
   437  0010A8  6E16               	movwf	leerLinea2@e,c
   438                           
   439                           ;main.c: 36: return c | b | e;
   440  0010AA  5014               	movf	leerLinea2@c,w,c
   441  0010AC  1015               	iorwf	leerLinea2@b,w,c
   442  0010AE  1016               	iorwf	leerLinea2@e,w,c
   443  0010B0                     i2Ll59:
   444                           	opt stack 29
   445  0010B0  6E2B               	movwf	main@s2,c
   446                           
   447                           ;main.c: 98: INTCONbits.GIE = 0;
   448  0010B2  9EF2               	bcf	intcon,7,c	;volatile
   449                           
   450                           ;main.c: 99: long curL = cntL, curR = cntR;
   451  0010B4  C034  F022         	movff	_cntL,main@curL	;volatile
   452  0010B8  C035  F023         	movff	_cntL+1,main@curL+1	;volatile
   453  0010BC  C036  F024         	movff	_cntL+2,main@curL+2	;volatile
   454  0010C0  C037  F025         	movff	_cntL+3,main@curL+3	;volatile
   455  0010C4  C030  F026         	movff	_cntR,main@curR	;volatile
   456  0010C8  C031  F027         	movff	_cntR+1,main@curR+1	;volatile
   457  0010CC  C032  F028         	movff	_cntR+2,main@curR+2	;volatile
   458  0010D0  C033  F029         	movff	_cntR+3,main@curR+3	;volatile
   459                           
   460                           ;main.c: 100: INTCONbits.GIE = 1;
   461  0010D4  8EF2               	bsf	intcon,7,c	;volatile
   462                           
   463                           ;main.c: 102: int16_t dL = (int16_t)(curL - lastL);
   464  0010D6  5019               	movf	main@lastL,w,c
   465  0010D8  5C22               	subwf	main@curL,w,c
   466  0010DA  6E2C               	movwf	main@dL,c
   467  0010DC  501A               	movf	main@lastL+1,w,c
   468  0010DE  5823               	subwfb	main@curL+1,w,c
   469  0010E0  6E2D               	movwf	main@dL+1,c
   470                           
   471                           ;main.c: 103: int16_t dR = (int16_t)(curR - lastR);
   472  0010E2  501D               	movf	main@lastR,w,c
   473  0010E4  5C26               	subwf	main@curR,w,c
   474  0010E6  6E2E               	movwf	main@dR,c
   475  0010E8  501E               	movf	main@lastR+1,w,c
   476  0010EA  5827               	subwfb	main@curR+1,w,c
   477  0010EC  6E2F               	movwf	main@dR+1,c
   478                           
   479                           ;main.c: 104: lastL = curL; lastR = curR;
   480  0010EE  C022  F019         	movff	main@curL,main@lastL
   481  0010F2  C023  F01A         	movff	main@curL+1,main@lastL+1
   482  0010F6  C024  F01B         	movff	main@curL+2,main@lastL+2
   483  0010FA  C025  F01C         	movff	main@curL+3,main@lastL+3
   484  0010FE  C026  F01D         	movff	main@curR,main@lastR
   485  001102  C027  F01E         	movff	main@curR+1,main@lastR+1
   486  001106  C028  F01F         	movff	main@curR+2,main@lastR+2
   487  00110A  C029  F020         	movff	main@curR+3,main@lastR+3
   488                           
   489                           ;main.c: 106: if(dL>127) dL=127; if(dL<-128) dL=-128;
   490  00110E  BE2D               	btfsc	main@dL+1,7,c
   491  001110  D009               	goto	l779
   492  001112  502D               	movf	main@dL+1,w,c
   493  001114  E103               	bnz	u60
   494  001116  0E80               	movlw	128
   495  001118  5C2C               	subwf	main@dL,w,c
   496  00111A  E304               	bnc	l779
   497  00111C                     u60:
   498  00111C  0E00               	movlw	0
   499  00111E  6E2D               	movwf	main@dL+1,c
   500  001120  0E7F               	movlw	127
   501  001122  6E2C               	movwf	main@dL,c
   502  001124                     l779:
   503  001124  AE2D               	btfss	main@dL+1,7,c
   504  001126  D008               	goto	l783
   505  001128  0E80               	movlw	128
   506  00112A  5C2C               	subwf	main@dL,w,c
   507  00112C  0EFF               	movlw	255
   508  00112E  582D               	subwfb	main@dL+1,w,c
   509  001130  E203               	bc	l783
   510  001132  682D               	setf	main@dL+1,c
   511  001134  0E80               	movlw	128
   512  001136  6E2C               	movwf	main@dL,c
   513  001138                     l783:
   514                           
   515                           ;main.c: 107: if(dR>127) dR=127; if(dR<-128) dR=-128;
   516  001138  BE2F               	btfsc	main@dR+1,7,c
   517  00113A  D008               	goto	l787
   518  00113C  502F               	movf	main@dR+1,w,c
   519  00113E  E103               	bnz	u80
   520  001140  0E80               	movlw	128
   521  001142  5C2E               	subwf	main@dR,w,c
   522  001144  E303               	bnc	l787
   523  001146                     u80:
   524  001146  6A2F               	clrf	main@dR+1,c
   525  001148  0E7F               	movlw	127
   526  00114A  6E2E               	movwf	main@dR,c
   527  00114C                     l787:
   528  00114C  AE2F               	btfss	main@dR+1,7,c
   529  00114E  D008               	goto	l791
   530  001150  0E80               	movlw	128
   531  001152  5C2E               	subwf	main@dR,w,c
   532  001154  0EFF               	movlw	255
   533  001156  582F               	subwfb	main@dR+1,w,c
   534  001158  E203               	bc	l791
   535  00115A  682F               	setf	main@dR+1,c
   536  00115C  0E80               	movlw	128
   537  00115E  6E2E               	movwf	main@dR,c
   538  001160                     l791:
   539                           
   540                           ;main.c: 109: uint8_t chk = s1 ^ s2 ^ (uint8_t)dR ^ (uint8_t)dL;
   541  001160  502A               	movf	main@s1,w,c
   542  001162  182B               	xorwf	main@s2,w,c
   543  001164  182E               	xorwf	main@dR,w,c
   544  001166  182C               	xorwf	main@dL,w,c
   545  001168  6E21               	movwf	main@chk,c
   546                           
   547                           ;main.c: 111: uart_put(0x55); uart_put(s1); uart_put(s2);
   548  00116A  0E55               	movlw	85
   549  00116C                     i3L__ptext1:
   550                           	opt stack 0
   551  00116C                     i3L_uart_put:
   552                           	opt stack 29
   553                           
   554                           ;incstack = 0
   555                           ;uart_put@v stored from wreg
   556  00116C  6E0F               	movwf	uart_put@v,c
   557  00116E                     i3Ll691:
   558                           	opt stack 0
   559  00116E                     i3Ll50:
   560                           	opt stack 29
   561  00116E  A2AC               	btfss	4012,1,c	;volatile
   562  001170                     i3Lu11:
   563                           	opt stack 0
   564  001170  D7FE               	goto	i3Ll50
   565  001172                     i3Lu10:
   566                           	opt stack 0
   567  001172                     i3Ll693:
   568                           	opt stack 29
   569  001172  C00F  FFAD         	movff	uart_put@v,4013	;volatile
   570  001176                     i3Ll53:
   571                           	opt stack 29
   572  001176  502A               	movf	main@s1,w,c
   573  001178                     i4L__ptext1:
   574                           	opt stack 0
   575  001178                     i4L_uart_put:
   576                           	opt stack 29
   577                           
   578                           ;incstack = 0
   579                           ;uart_put@v stored from wreg
   580  001178  6E0F               	movwf	uart_put@v,c
   581  00117A                     i4Ll691:
   582                           	opt stack 0
   583  00117A                     i4Ll50:
   584                           	opt stack 29
   585  00117A  A2AC               	btfss	4012,1,c	;volatile
   586  00117C                     i4Lu11:
   587                           	opt stack 0
   588  00117C  D7FE               	goto	i4Ll50
   589  00117E                     i4Lu10:
   590                           	opt stack 0
   591  00117E                     i4Ll693:
   592                           	opt stack 29
   593  00117E  C00F  FFAD         	movff	uart_put@v,4013	;volatile
   594  001182                     i4Ll53:
   595                           	opt stack 29
   596  001182  502B               	movf	main@s2,w,c
   597  001184                     i5L__ptext1:
   598                           	opt stack 0
   599  001184                     i5L_uart_put:
   600                           	opt stack 29
   601                           
   602                           ;incstack = 0
   603                           ;uart_put@v stored from wreg
   604  001184  6E0F               	movwf	uart_put@v,c
   605  001186                     i5Ll691:
   606                           	opt stack 0
   607  001186                     i5Ll50:
   608                           	opt stack 29
   609  001186  A2AC               	btfss	4012,1,c	;volatile
   610  001188                     i5Lu11:
   611                           	opt stack 0
   612  001188  D7FE               	goto	i5Ll50
   613  00118A                     i5Lu10:
   614                           	opt stack 0
   615  00118A                     i5Ll693:
   616                           	opt stack 29
   617  00118A  C00F  FFAD         	movff	uart_put@v,4013	;volatile
   618  00118E                     i5Ll53:
   619                           	opt stack 29
   620                           
   621                           ;main.c: 112: uart_put((uint8_t)dR); uart_put((uint8_t)dL); uart_put(chk);
   622  00118E  502E               	movf	main@dR,w,c
   623  001190                     i6L__ptext1:
   624                           	opt stack 0
   625  001190                     i6L_uart_put:
   626                           	opt stack 29
   627                           
   628                           ;incstack = 0
   629                           ;uart_put@v stored from wreg
   630  001190  6E0F               	movwf	uart_put@v,c
   631  001192                     i6Ll691:
   632                           	opt stack 0
   633  001192                     i6Ll50:
   634                           	opt stack 29
   635  001192  A2AC               	btfss	4012,1,c	;volatile
   636  001194                     i6Lu11:
   637                           	opt stack 0
   638  001194  D7FE               	goto	i6Ll50
   639  001196                     i6Lu10:
   640                           	opt stack 0
   641  001196                     i6Ll693:
   642                           	opt stack 29
   643  001196  C00F  FFAD         	movff	uart_put@v,4013	;volatile
   644  00119A                     i6Ll53:
   645                           	opt stack 29
   646  00119A  502C               	movf	main@dL,w,c
   647  00119C                     i7L__ptext1:
   648                           	opt stack 0
   649  00119C                     i7L_uart_put:
   650                           	opt stack 29
   651                           
   652                           ;incstack = 0
   653                           ;uart_put@v stored from wreg
   654  00119C  6E0F               	movwf	uart_put@v,c
   655  00119E                     i7Ll691:
   656                           	opt stack 0
   657  00119E                     i7Ll50:
   658                           	opt stack 29
   659  00119E  A2AC               	btfss	4012,1,c	;volatile
   660  0011A0                     i7Lu11:
   661                           	opt stack 0
   662  0011A0  D7FE               	goto	i7Ll50
   663  0011A2                     i7Lu10:
   664                           	opt stack 0
   665  0011A2                     i7Ll693:
   666                           	opt stack 29
   667  0011A2  C00F  FFAD         	movff	uart_put@v,4013	;volatile
   668  0011A6                     i7Ll53:
   669                           	opt stack 29
   670  0011A6  5021               	movf	main@chk,w,c
   671  0011A8                     i8L__ptext1:
   672                           	opt stack 0
   673  0011A8                     i8L_uart_put:
   674                           	opt stack 29
   675                           
   676                           ;incstack = 0
   677                           ;uart_put@v stored from wreg
   678  0011A8  6E0F               	movwf	uart_put@v,c
   679  0011AA                     i8Ll691:
   680                           	opt stack 0
   681  0011AA                     i8Ll50:
   682                           	opt stack 29
   683  0011AA  A2AC               	btfss	4012,1,c	;volatile
   684  0011AC                     i8Lu11:
   685                           	opt stack 0
   686  0011AC  D7FE               	goto	i8Ll50
   687  0011AE                     i8Lu10:
   688                           	opt stack 0
   689  0011AE                     i8Ll693:
   690                           	opt stack 29
   691  0011AE  C00F  FFAD         	movff	uart_put@v,4013	;volatile
   692  0011B2                     i8Ll53:
   693                           	opt stack 29
   694                           
   695                           ;main.c: 114: _delay((unsigned long)((20)*(48000000UL/4000.0)));
   696  0011B2  0E02               	movlw	2
   697  0011B4  6E18               	movwf	(??_main+1)& (0+255),c
   698  0011B6  0E38               	movlw	56
   699  0011B8  6E17               	movwf	??_main& (0+255),c
   700  0011BA  0EAD               	movlw	173
   701  0011BC                     u107:
   702  0011BC  2EE8               	decfsz	wreg,f,c
   703  0011BE  D7FE               	bra	u107
   704  0011C0  2E17               	decfsz	??_main& (0+255),f,c
   705  0011C2  D7FC               	bra	u107
   706  0011C4  2E18               	decfsz	(??_main+1)& (0+255),f,c
   707  0011C6  D7FA               	bra	u107
   708  0011C8  F000               	nop	
   709  0011CA  D747               	goto	i1L__ptext4
   710  0011CC                     __end_of_main:
   711                           	opt stack 0
   712                           tblptru	equ	0xFF8
   713                           tblptrh	equ	0xFF7
   714                           intcon	equ	0xFF2
   715                           intcon2	equ	0xFF1
   716                           postinc0	equ	0xFEE
   717                           wreg	equ	0xFE8
   718                           status	equ	0xFD8
   719                           
   720 ;; *************** function _uart_put *****************
   721 ;; Defined at:
   722 ;;		line 24 in file "main.c"
   723 ;; Parameters:    Size  Location     Type
   724 ;;  v               1    wreg     unsigned char 
   725 ;; Auto vars:     Size  Location     Type
   726 ;;  v               1   14[COMRAM] unsigned char 
   727 ;; Return value:  Size  Location     Type
   728 ;;                  1    wreg      void 
   729 ;; Registers used:
   730 ;;		wreg
   731 ;; Tracked objects:
   732 ;;		On entry : 0/0
   733 ;;		On exit  : 0/0
   734 ;;		Unchanged: 0/0
   735 ;; Data sizes:     COMRAM   BANK0   BANK1   BANK2   BANK3   BANK4   BANK5   BANK6   BANK7
   736 ;;      Params:         0       0       0       0       0       0       0       0       0
   737 ;;      Locals:         1       0       0       0       0       0       0       0       0
   738 ;;      Temps:          0       0       0       0       0       0       0       0       0
   739 ;;      Totals:         1       0       0       0       0       0       0       0       0
   740 ;;Total ram usage:        1 bytes
   741 ;; Hardware stack levels used:    1
   742 ;; Hardware stack levels required when called:    1
   743 ;; This function calls:
   744 ;;		Nothing
   745 ;; This function is called by:
   746 ;;		_main
   747 ;; This function uses a non-reentrant model
   748 ;;
   749                           
   750                           	psect	text1
   751  000000                     __ptext1:
   752                           	opt stack 0
   753  000000                     _uart_put:
   754                           	opt stack 0
   755  000000                     __end_of_uart_put:
   756                           	opt stack 0
   757                           tblptru	equ	0xFF8
   758                           tblptrh	equ	0xFF7
   759                           intcon	equ	0xFF2
   760                           intcon2	equ	0xFF1
   761                           postinc0	equ	0xFEE
   762                           wreg	equ	0xFE8
   763                           status	equ	0xFD8
   764                           
   765 ;; *************** function _uart_init *****************
   766 ;; Defined at:
   767 ;;		line 15 in file "main.c"
   768 ;; Parameters:    Size  Location     Type
   769 ;;		None
   770 ;; Auto vars:     Size  Location     Type
   771 ;;		None
   772 ;; Return value:  Size  Location     Type
   773 ;;                  1    wreg      void 
   774 ;; Registers used:
   775 ;;		wreg, status,2
   776 ;; Tracked objects:
   777 ;;		On entry : 0/0
   778 ;;		On exit  : 0/0
   779 ;;		Unchanged: 0/0
   780 ;; Data sizes:     COMRAM   BANK0   BANK1   BANK2   BANK3   BANK4   BANK5   BANK6   BANK7
   781 ;;      Params:         0       0       0       0       0       0       0       0       0
   782 ;;      Locals:         0       0       0       0       0       0       0       0       0
   783 ;;      Temps:          0       0       0       0       0       0       0       0       0
   784 ;;      Totals:         0       0       0       0       0       0       0       0       0
   785 ;;Total ram usage:        0 bytes
   786 ;; Hardware stack levels used:    1
   787 ;; Hardware stack levels required when called:    1
   788 ;; This function calls:
   789 ;;		Nothing
   790 ;; This function is called by:
   791 ;;		_main
   792 ;; This function uses a non-reentrant model
   793 ;;
   794                           
   795                           	psect	text2
   796  0012BA                     __ptext2:
   797                           	opt stack 0
   798  0012BA                     _uart_init:
   799                           	opt stack 29
   800                           
   801                           ;main.c: 17: TRISCbits.TRISC6 = 0;
   802                           
   803                           ;incstack = 0
   804  0012BA  9C94               	bcf	3988,6,c	;volatile
   805                           
   806                           ;main.c: 18: TXSTA = 0b00100100;
   807  0012BC  0E24               	movlw	36
   808  0012BE  6EAC               	movwf	4012,c	;volatile
   809                           
   810                           ;main.c: 19: RCSTA = 0b10010000;
   811  0012C0  0E90               	movlw	144
   812  0012C2  6EAB               	movwf	4011,c	;volatile
   813                           
   814                           ;main.c: 20: BAUDCON = 0b00001000;
   815  0012C4  0E08               	movlw	8
   816  0012C6  6EB8               	movwf	4024,c	;volatile
   817                           
   818                           ;main.c: 21: SPBRGH = 0x00;
   819  0012C8  6AB0               	clrf	4016,c	;volatile
   820                           
   821                           ;main.c: 22: SPBRG = 0x67;
   822  0012CA  0E67               	movlw	103
   823  0012CC  6EAF               	movwf	4015,c	;volatile
   824  0012CE  0C67               	retlw	103	;funcret
   825  0012D0                     __end_of_uart_init:
   826                           	opt stack 0
   827                           tblptru	equ	0xFF8
   828                           tblptrh	equ	0xFF7
   829                           intcon	equ	0xFF2
   830                           intcon2	equ	0xFF1
   831                           postinc0	equ	0xFEE
   832                           wreg	equ	0xFE8
   833                           status	equ	0xFD8
   834                           
   835 ;; *************** function _leerLinea2 *****************
   836 ;; Defined at:
   837 ;;		line 29 in file "main.c"
   838 ;; Parameters:    Size  Location     Type
   839 ;;		None
   840 ;; Auto vars:     Size  Location     Type
   841 ;;  e               1   21[COMRAM] unsigned char 
   842 ;;  b               1   20[COMRAM] unsigned char 
   843 ;;  c               1   19[COMRAM] unsigned char 
   844 ;; Return value:  Size  Location     Type
   845 ;;                  1    wreg      unsigned char 
   846 ;; Registers used:
   847 ;;		wreg, status,2, status,0
   848 ;; Tracked objects:
   849 ;;		On entry : 0/0
   850 ;;		On exit  : 0/0
   851 ;;		Unchanged: 0/0
   852 ;; Data sizes:     COMRAM   BANK0   BANK1   BANK2   BANK3   BANK4   BANK5   BANK6   BANK7
   853 ;;      Params:         0       0       0       0       0       0       0       0       0
   854 ;;      Locals:         3       0       0       0       0       0       0       0       0
   855 ;;      Temps:          5       0       0       0       0       0       0       0       0
   856 ;;      Totals:         8       0       0       0       0       0       0       0       0
   857 ;;Total ram usage:        8 bytes
   858 ;; Hardware stack levels used:    1
   859 ;; Hardware stack levels required when called:    1
   860 ;; This function calls:
   861 ;;		Nothing
   862 ;; This function is called by:
   863 ;;		_main
   864 ;; This function uses a non-reentrant model
   865 ;;
   866                           
   867                           	psect	text3
   868  000000                     __ptext3:
   869                           	opt stack 0
   870  000000                     _leerLinea2:
   871                           	opt stack 0
   872  000000                     __end_of_leerLinea2:
   873                           	opt stack 0
   874                           tblptru	equ	0xFF8
   875                           tblptrh	equ	0xFF7
   876                           intcon	equ	0xFF2
   877                           intcon2	equ	0xFF1
   878                           postinc0	equ	0xFEE
   879                           wreg	equ	0xFE8
   880                           status	equ	0xFD8
   881                           
   882 ;; *************** function _leerLinea1 *****************
   883 ;; Defined at:
   884 ;;		line 27 in file "main.c"
   885 ;; Parameters:    Size  Location     Type
   886 ;;		None
   887 ;; Auto vars:     Size  Location     Type
   888 ;;		None
   889 ;; Return value:  Size  Location     Type
   890 ;;                  1    wreg      unsigned char 
   891 ;; Registers used:
   892 ;;		wreg, status,2
   893 ;; Tracked objects:
   894 ;;		On entry : 0/0
   895 ;;		On exit  : 0/0
   896 ;;		Unchanged: 0/0
   897 ;; Data sizes:     COMRAM   BANK0   BANK1   BANK2   BANK3   BANK4   BANK5   BANK6   BANK7
   898 ;;      Params:         0       0       0       0       0       0       0       0       0
   899 ;;      Locals:         0       0       0       0       0       0       0       0       0
   900 ;;      Temps:          0       0       0       0       0       0       0       0       0
   901 ;;      Totals:         0       0       0       0       0       0       0       0       0
   902 ;;Total ram usage:        0 bytes
   903 ;; Hardware stack levels used:    1
   904 ;; Hardware stack levels required when called:    1
   905 ;; This function calls:
   906 ;;		Nothing
   907 ;; This function is called by:
   908 ;;		_main
   909 ;; This function uses a non-reentrant model
   910 ;;
   911                           
   912                           	psect	text4
   913  000000                     __ptext4:
   914                           	opt stack 0
   915  000000                     _leerLinea1:
   916                           	opt stack 0
   917  000000                     __end_of_leerLinea1:
   918                           	opt stack 0
   919                           tblptru	equ	0xFF8
   920                           tblptrh	equ	0xFF7
   921                           intcon	equ	0xFF2
   922                           intcon2	equ	0xFF1
   923                           postinc0	equ	0xFEE
   924                           wreg	equ	0xFE8
   925                           status	equ	0xFD8
   926                           
   927 ;; *************** function _isr *****************
   928 ;; Defined at:
   929 ;;		line 46 in file "main.c"
   930 ;; Parameters:    Size  Location     Type
   931 ;;		None
   932 ;; Auto vars:     Size  Location     Type
   933 ;;  currR           1   12[COMRAM] unsigned char 
   934 ;;  currL           1   11[COMRAM] unsigned char 
   935 ;;  rb              1   13[COMRAM] unsigned char 
   936 ;;  edges           1   10[COMRAM] unsigned char 
   937 ;; Return value:  Size  Location     Type
   938 ;;                  1    wreg      void 
   939 ;; Registers used:
   940 ;;		wreg, status,2, status,0, tblptrl, tblptrh, tblptru
   941 ;; Tracked objects:
   942 ;;		On entry : 0/0
   943 ;;		On exit  : 0/0
   944 ;;		Unchanged: 0/0
   945 ;; Data sizes:     COMRAM   BANK0   BANK1   BANK2   BANK3   BANK4   BANK5   BANK6   BANK7
   946 ;;      Params:         0       0       0       0       0       0       0       0       0
   947 ;;      Locals:         4       0       0       0       0       0       0       0       0
   948 ;;      Temps:         10       0       0       0       0       0       0       0       0
   949 ;;      Totals:        14       0       0       0       0       0       0       0       0
   950 ;;Total ram usage:       14 bytes
   951 ;; Hardware stack levels used:    1
   952 ;; This function calls:
   953 ;;		Nothing
   954 ;; This function is called by:
   955 ;;		Interrupt level 2
   956 ;; This function uses a non-reentrant model
   957 ;;
   958                           
   959                           	psect	intcode
   960  001008                     __pintcode:
   961                           	opt stack 0
   962  001008                     _isr:
   963                           	opt stack 29
   964                           
   965                           ;incstack = 0
   966  001008  823B               	bsf	btemp,1,c	;set compiler interrupt flag (level 2)
   967  00100A  EDE6  F008         	call	int_func,f	;refresh shadow registers
   968                           tblptru	equ	0xFF8
   969                           tblptrh	equ	0xFF7
   970                           intcon	equ	0xFF2
   971                           intcon2	equ	0xFF1
   972                           postinc0	equ	0xFEE
   973                           wreg	equ	0xFE8
   974                           status	equ	0xFD8
   975                           
   976                           	psect	intcode_body
   977  0011CC                     __pintcode_body:
   978                           	opt stack 29
   979  0011CC                     int_func:
   980                           	opt stack 29
   981  0011CC  0006               	pop		; remove dummy address from shadow register refresh
   982  0011CE  CFF6 F007          	movff	tblptrl,??_isr+6
   983  0011D2  CFF7 F008          	movff	tblptrh,??_isr+7
   984  0011D6  CFF8 F009          	movff	tblptru,??_isr+8
   985  0011DA  CFF5 F00A          	movff	tablat,??_isr+9
   986                           
   987                           ;main.c: 48: if (INTCONbits.RBIF){
   988  0011DE  A0F2               	btfss	intcon,0,c	;volatile
   989  0011E0  D053               	goto	i2l77
   990                           
   991                           ;main.c: 49: static uint8_t prev = 0;
   992                           ;main.c: 50: uint8_t rb = PORTB;
   993  0011E2  CF81 F00E          	movff	3969,isr@rb	;volatile
   994                           
   995                           ;main.c: 51: uint8_t edges = rb ^ prev;
   996  0011E6  500E               	movf	isr@rb,w,c
   997  0011E8  183A               	xorwf	isr@prev,w,c
   998  0011EA  6E0B               	movwf	isr@edges,c
   999                           
  1000                           ;main.c: 54: if (edges & 0x03){
  1001  0011EC  C00B  F001         	movff	isr@edges,??_isr
  1002  0011F0  0E03               	movlw	3
  1003  0011F2  1601               	andwf	??_isr,f,c
  1004  0011F4  E020               	bz	i2l715
  1005                           
  1006                           ;main.c: 55: static uint8_t prevL = 0;
  1007                           ;main.c: 56: uint8_t currL = rb & 0x03;
  1008  0011F6  500E               	movf	isr@rb,w,c
  1009  0011F8  0B03               	andlw	3
  1010  0011FA  6E0C               	movwf	isr@currL,c
  1011                           
  1012                           ;main.c: 57: cntL += delta[(prevL<<2)|currL];
  1013  0011FC  4439               	rlncf	isr@prevL,w,c
  1014  0011FE  46E8               	rlncf	wreg,f,c
  1015  001200  0BFC               	andlw	252
  1016  001202  100C               	iorwf	isr@currL,w,c
  1017  001204  6E01               	movwf	??_isr& (0+255),c
  1018  001206  5001               	movf	??_isr,w,c
  1019  001208  0F13               	addlw	low _delta
  1020  00120A  6E02               	movwf	(??_isr+1)& (0+255),c
  1021  00120C  C002  FFF6         	movff	??_isr+1,tblptrl
  1022  001210                     	if	0	;There is only one active tblptr byte
  1023  001210                     	endif
  1024  001210                     	if	0	;tblptru may be non-zero
  1025  001210                     	endif
  1026  001210                     	if	0	;tblptru may be non-zero
  1027  001210                     	endif
  1028  001210  0008               	tblrd		*
  1029  001212  50F5               	movf	tablat,w,c
  1030  001214  6E03               	movwf	(??_isr+2)& (0+255),c
  1031  001216  0E00               	movlw	0
  1032  001218  BE03               	btfsc	(??_isr+2)& (0+255),7,c
  1033  00121A  0EFF               	movlw	255
  1034  00121C  6E04               	movwf	(??_isr+3)& (0+255),c
  1035  00121E  6E05               	movwf	(??_isr+4)& (0+255),c
  1036  001220  6E06               	movwf	(??_isr+5)& (0+255),c
  1037  001222  5003               	movf	??_isr+2,w,c
  1038  001224  2634               	addwf	_cntL,f,c	;volatile
  1039  001226  5004               	movf	??_isr+3,w,c
  1040  001228  2235               	addwfc	_cntL+1,f,c	;volatile
  1041  00122A  5005               	movf	??_isr+4,w,c
  1042  00122C  2236               	addwfc	_cntL+2,f,c	;volatile
  1043  00122E  5006               	movf	??_isr+5,w,c
  1044  001230  2237               	addwfc	_cntL+3,f,c	;volatile
  1045                           
  1046                           ;main.c: 58: prevL = currL;
  1047  001232  C00C  F039         	movff	isr@currL,isr@prevL
  1048  001236                     i2l715:
  1049                           
  1050                           ;main.c: 59: }
  1051                           ;main.c: 61: if (edges & 0xC0){
  1052  001236  C00B  F001         	movff	isr@edges,??_isr
  1053  00123A  0EC0               	movlw	192
  1054  00123C  1601               	andwf	??_isr,f,c
  1055  00123E  E021               	bz	i2l723
  1056                           
  1057                           ;main.c: 62: static uint8_t prevR = 0;
  1058                           ;main.c: 63: uint8_t currR = (rb>>6) & 0x03;
  1059  001240  440E               	rlncf	isr@rb,w,c
  1060  001242  46E8               	rlncf	wreg,f,c
  1061  001244  0B03               	andlw	3
  1062  001246  6E0D               	movwf	isr@currR,c
  1063                           
  1064                           ;main.c: 64: cntR += delta[(prevR<<2)|currR];
  1065  001248  4438               	rlncf	isr@prevR,w,c
  1066  00124A  46E8               	rlncf	wreg,f,c
  1067  00124C  0BFC               	andlw	252
  1068  00124E  100D               	iorwf	isr@currR,w,c
  1069  001250  6E01               	movwf	??_isr& (0+255),c
  1070  001252  5001               	movf	??_isr,w,c
  1071  001254  0F13               	addlw	low _delta
  1072  001256  6E02               	movwf	(??_isr+1)& (0+255),c
  1073  001258  C002  FFF6         	movff	??_isr+1,tblptrl
  1074  00125C                     	if	0	;There is only one active tblptr byte
  1075  00125C                     	endif
  1076  00125C                     	if	0	;tblptru may be non-zero
  1077  00125C                     	endif
  1078  00125C                     	if	0	;tblptru may be non-zero
  1079  00125C                     	endif
  1080  00125C  0008               	tblrd		*
  1081  00125E  50F5               	movf	tablat,w,c
  1082  001260  6E03               	movwf	(??_isr+2)& (0+255),c
  1083  001262  0E00               	movlw	0
  1084  001264  BE03               	btfsc	(??_isr+2)& (0+255),7,c
  1085  001266  0EFF               	movlw	255
  1086  001268  6E04               	movwf	(??_isr+3)& (0+255),c
  1087  00126A  6E05               	movwf	(??_isr+4)& (0+255),c
  1088  00126C  6E06               	movwf	(??_isr+5)& (0+255),c
  1089  00126E  5003               	movf	??_isr+2,w,c
  1090  001270  2630               	addwf	_cntR,f,c	;volatile
  1091  001272  5004               	movf	??_isr+3,w,c
  1092  001274  2231               	addwfc	_cntR+1,f,c	;volatile
  1093  001276  5005               	movf	??_isr+4,w,c
  1094  001278  2232               	addwfc	_cntR+2,f,c	;volatile
  1095  00127A  5006               	movf	??_isr+5,w,c
  1096  00127C  2233               	addwfc	_cntR+3,f,c	;volatile
  1097                           
  1098                           ;main.c: 65: prevR = currR;
  1099  00127E  C00D  F038         	movff	isr@currR,isr@prevR
  1100  001282                     i2l723:
  1101                           
  1102                           ;main.c: 66: }
  1103                           ;main.c: 67: prev = rb;
  1104  001282  C00E  F03A         	movff	isr@rb,isr@prev
  1105                           
  1106                           ;main.c: 68: INTCONbits.RBIF = 0;
  1107  001286  90F2               	bcf	intcon,0,c	;volatile
  1108  001288                     i2l77:
  1109  001288  C00A  FFF5         	movff	??_isr+9,tablat
  1110  00128C  C009  FFF8         	movff	??_isr+8,tblptru
  1111  001290  C008  FFF7         	movff	??_isr+7,tblptrh
  1112  001294  C007  FFF6         	movff	??_isr+6,tblptrl
  1113  001298  923B               	bcf	btemp,1,c	;clear compiler interrupt flag (level 2)
  1114  00129A  0011               	retfie		f
  1115  00129C                     __end_of_isr:
  1116                           	opt stack 0
  1117                           tblptru	equ	0xFF8
  1118                           tblptrh	equ	0xFF7
  1119                           tblptrl	equ	0xFF6
  1120                           tablat	equ	0xFF5
  1121                           intcon	equ	0xFF2
  1122                           intcon2	equ	0xFF1
  1123                           postinc0	equ	0xFEE
  1124                           wreg	equ	0xFE8
  1125                           status	equ	0xFD8
  1126                           tblptru	equ	0xFF8
  1127                           tblptrh	equ	0xFF7
  1128                           tblptrl	equ	0xFF6
  1129                           tablat	equ	0xFF5
  1130                           intcon	equ	0xFF2
  1131                           intcon2	equ	0xFF1
  1132                           postinc0	equ	0xFEE
  1133                           wreg	equ	0xFE8
  1134                           status	equ	0xFD8
  1135                           
  1136                           	psect	rparam
  1137  0000                     tblptru	equ	0xFF8
  1138                           tblptrh	equ	0xFF7
  1139                           tblptrl	equ	0xFF6
  1140                           tablat	equ	0xFF5
  1141                           intcon	equ	0xFF2
  1142                           intcon2	equ	0xFF1
  1143                           postinc0	equ	0xFEE
  1144                           wreg	equ	0xFE8
  1145                           status	equ	0xFD8
  1146                           
  1147                           	psect	temp
  1148  00003B                     btemp:
  1149                           	opt stack 0
  1150  00003B                     	ds	1
  1151  0000                     int$flags	set	btemp
  1152                           tblptru	equ	0xFF8
  1153                           tblptrh	equ	0xFF7
  1154                           tblptrl	equ	0xFF6
  1155                           tablat	equ	0xFF5
  1156                           intcon	equ	0xFF2
  1157                           intcon2	equ	0xFF1
  1158                           postinc0	equ	0xFEE
  1159                           wreg	equ	0xFE8
  1160                           status	equ	0xFD8
  1161                           tblptru	equ	0xFF8
  1162                           tblptrh	equ	0xFF7
  1163                           tblptrl	equ	0xFF6
  1164                           tablat	equ	0xFF5
  1165                           intcon	equ	0xFF2
  1166                           intcon2	equ	0xFF1
  1167                           postinc0	equ	0xFEE
  1168                           wreg	equ	0xFE8
  1169                           status	equ	0xFD8


Data Sizes:
    Strings     0
    Constant    16
    Data        0
    BSS         11
    Persistent  0
    Stack       0

Auto Spaces:
    Space          Size  Autos    Used
    COMRAM           94     47      58
    BANK0           160      0       0
    BANK1           256      0       0
    BANK2           256      0       0
    BANK3           256      0       0
    BANK4           256      0       0
    BANK5           256      0       0
    BANK6           256      0       0
    BANK7           256      0       0

Pointer List with Targets:

    None.

Critical Paths under _main in COMRAM

    _main->_leerLinea2

Critical Paths under _isr in COMRAM

    None.

Critical Paths under _main in BANK0

    None.

Critical Paths under _isr in BANK0

    None.

Critical Paths under _main in BANK1

    None.

Critical Paths under _isr in BANK1

    None.

Critical Paths under _main in BANK2

    None.

Critical Paths under _isr in BANK2

    None.

Critical Paths under _main in BANK3

    None.

Critical Paths under _isr in BANK3

    None.

Critical Paths under _main in BANK4

    None.

Critical Paths under _isr in BANK4

    None.

Critical Paths under _main in BANK5

    None.

Critical Paths under _isr in BANK5

    None.

Critical Paths under _main in BANK6

    None.

Critical Paths under _isr in BANK6

    None.

Critical Paths under _main in BANK7

    None.

Critical Paths under _isr in BANK7

    None.

Call Graph Tables:

 ---------------------------------------------------------------------------------
 (Depth) Function   	        Calls       Base Space   Used Autos Params    Refs
 ---------------------------------------------------------------------------------
 (0) _main                                                26    26      0     345
                                             22 COMRAM    25    25      0
                         _leerLinea1
                         _leerLinea2
                          _uart_init
                           _uart_put
 ---------------------------------------------------------------------------------
 (1) _uart_put                                             1     1      0      15
                                             14 COMRAM     1     1      0
 ---------------------------------------------------------------------------------
 (1) _uart_init                                            0     0      0       0
 ---------------------------------------------------------------------------------
 (1) _leerLinea2                                           8     8      0      45
                                             14 COMRAM     8     8      0
 ---------------------------------------------------------------------------------
 (1) _leerLinea1                                           0     0      0       0
 ---------------------------------------------------------------------------------
 Estimated maximum stack depth 1
 ---------------------------------------------------------------------------------
 (Depth) Function   	        Calls       Base Space   Used Autos Params    Refs
 ---------------------------------------------------------------------------------
 (2) _isr                                                 14    14      0     150
                                              0 COMRAM    14    14      0
 ---------------------------------------------------------------------------------
 Estimated maximum stack depth 2
 ---------------------------------------------------------------------------------

 Call Graph Graphs:

 _main (ROOT)
   _leerLinea1
   _leerLinea2
   _uart_init
   _uart_put

 _isr (ROOT)

 Address spaces:
Name               Size   Autos  Total    Cost      Usage
BIGRAM             7FF      0       0      21        0.0%
EEDATA             100      0       0       0        0.0%
BITBANK7           100      0       0      18        0.0%
BANK7              100      0       0      19        0.0%
BITBANK6           100      0       0      16        0.0%
BANK6              100      0       0      17        0.0%
BITBANK5           100      0       0      14        0.0%
BANK5              100      0       0      15        0.0%
BITBANK4           100      0       0      12        0.0%
BANK4              100      0       0      13        0.0%
BITBANK3           100      0       0      10        0.0%
BANK3              100      0       0      11        0.0%
BITBANK2           100      0       0       8        0.0%
BANK2              100      0       0       9        0.0%
BITBANK1           100      0       0       6        0.0%
BANK1              100      0       0       7        0.0%
BITBANK0            A0      0       0       4        0.0%
BANK0               A0      0       0       5        0.0%
BITCOMRAM           5E      0       0       0        0.0%
COMRAM              5E     2F      3A       1       61.7%
BITSFR               0      0       0     200        0.0%
SFR                  0      0       0     200        0.0%
STACK                0      0       0       2        0.0%
NULL                 0      0       0       0        0.0%
ABS                  0      0      3A      20        0.0%
DATA                 0      0      3A       3        0.0%
CODE                 0      0       0       0        0.0%


Microchip Technology PIC18 Macro Assembler V1.41 build -162212810 
Symbol Table                                                                                   Wed May 21 13:55:34 2025

                     l50 0002                       l53 000E                       l56 0002  
                     l59 0052                       u10 000A                       u11 0008  
                     u25 0040                       u60 111C                       u80 1146  
                    l691 0002                      l693 000A                      l695 0000  
                    l791 1160                      l783 1138                      l699 0000  
                    l787 114C                      l779 1124                      u107 11BC  
                    _isr 1008                      wreg 000FE8                     ?_isr 0001  
                   i2l77 1288                     _cntL 0034                     _cntR 0030  
                   _main 1024                     btemp 003B                     start 100E  
           ___param_bank 000000                    ??_isr 0001              leerLinea2@b 0015  
            leerLinea2@c 0014              leerLinea2@e 0016                    ?_main 0001  
                  _CMCON 000FB4                    i2l723 1282                    i2l715 1236  
                  _RCSTA 000FAB                    _SPBRG 000FAF                    _PORTB 000F81  
                  _PORTC 000F82                    _PORTD 000F83                    _PORTE 000F84  
                  _TRISB 000F93                    _TRISC 000F94                    _TRISD 000F95  
                  _TRISE 000F96                    _TXREG 000FAD                    _TXSTA 000FAC  
                  _delta 1013                    isr@rb 000E                    tablat 000FF5  
                  status 000FD8          __initialization 129C             __end_of_main 11CC  
                 ??_main 0017            __activetblptr 000001                   _ADCON1 000FC1  
                 _SPBRGH 000FB0                   clear_0 12A2                   main@dL 002C  
                 main@s1 002A                   main@s2 002B                   main@dR 002E  
       __end_of_uart_put 0000             __mediumconst 0000                   tblptrh 000FF7  
                 tblptrl 000FF6                   tblptru 000FF8               __accesstop 0060  
__end_of__initialization 12A8            ___rparam_used 000001           __pcstackCOMRAM 0001  
          __end_of_delta 1023                  _BAUDCON 000FB8       __size_of_uart_init 0016  
             _leerLinea1 0000               _leerLinea2 0000                  __Hparam 0000  
                __Lparam 0000                ?_uart_put 0001             __psmallconst 1012  
                __pcinit 129C                  __ramtop 0800                  __ptext0 1024  
                __ptext1 0000                  __ptext2 12BA                  __ptext3 0000  
                __ptext4 0000             __size_of_isr 0294                  main@chk 0021  
         __pintcode_body 11CC     end_of_initialization 12A8                  isr@prev 003A  
                int_func 11CC        __end_of_uart_init 12D0               ??_uart_put 000F  
                postinc0 000FEE                _TRISCbits 000F94              ?_leerLinea1 0001  
            ?_leerLinea2 0001                _TXSTAbits 000FAC      start_initialization 129C  
            __end_of_isr 129C      __size_of_leerLinea1 0000      __size_of_leerLinea2 0000  
            __pbssCOMRAM 0030                __pintcode 1008        __size_of_uart_put 0000  
            __smallconst 1012                 _RCONbits 000FD0                _uart_init 12BA  
              main@lastL 0019                main@lastR 001D              _INTCON2bits 000FF1  
           ??_leerLinea1 000F             ??_leerLinea2 000F                 __Hrparam 0000  
               __Lrparam 0000             __Lsmallconst 1012               ?_uart_init 0001  
     __end_of_leerLinea1 0000       __end_of_leerLinea2 0000            __size_of_main 01A8  
               _uart_put 0000                uart_put@v 000F                 int$flags 003B  
               main@curL 0022                 main@curR 0026               _INTCONbits 000FF2  
               isr@edges 000B                 isr@currL 000C                 isr@currR 000D  
               isr@prevL 0039                 isr@prevR 0038                 intlevel2 0000  
            ??_uart_init 000F  
