Running: /opt/Xilinx/14.7/ISE_DS/ISE/bin/lin64/unwrapped/fuse -intstyle ise -incremental -o /home/ise/v3/tb_motor_ctrl_top_isim_beh.exe -prj /home/ise/v3/tb_motor_ctrl_top_beh.prj work.tb_motor_ctrl_top 
ISim P.20131013 (signature 0xfbc00daa)
Number of CPUs detected in this system: 1
Turning on mult-threading, number of parallel sub-compilation jobs: 0 
Determining compilation order of HDL files
Parsing VHDL file "/home/ise/v3/regP.vhd" into library work
Parsing VHDL file "/home/ise/v3/pwm_pkg.vhd" into library work
Parsing VHDL file "/home/ise/v3/ContGen.vhd" into library work
Parsing VHDL file "/home/ise/v3/spi_slave_sync.vhd" into library work
Parsing VHDL file "/home/ise/v3/pwm_module.vhd" into library work
Parsing VHDL file "/home/ise/v3/decoder.vhd" into library work
Parsing VHDL file "/home/ise/v3/ctrl_fsm.vhd" into library work
Parsing VHDL file "/home/ise/v3/motor_ctrl_top.vhd" into library work
Parsing VHDL file "/home/ise/v3/tb_motor_ctrl_top.vhd" into library work
Starting static elaboration
Completed static elaboration
Fuse Memory Usage: 97024 KB
Fuse CPU Usage: 760 ms
Compiling package standard
Compiling package std_logic_1164
Compiling package numeric_std
Compiling package pwm_pkg
Compiling architecture behavioral of entity spi_slave_sync [spi_slave_sync_default]
Compiling architecture rtl of entity ctrl_fsm [ctrl_fsm_default]
Compiling architecture rtl of entity decoder [decoder_default]
Compiling architecture behavioral of entity ContGen [\ContGen(12,2399)\]
Compiling architecture behavioral of entity ContGen [\ContGen(4,15)\]
Compiling architecture behavioral of entity regP [\regP(4)\]
Compiling architecture behavioral of entity pwm_module [\pwm_module(4,4,2399)\]
Compiling architecture structural of entity motor_ctrl_top [motor_ctrl_top_default]
Compiling architecture sim of entity tb_motor_ctrl_top
Time Resolution for simulation is 1ps.
Compiled 21 VHDL Units
Built simulation executable /home/ise/v3/tb_motor_ctrl_top_isim_beh.exe
Fuse Memory Usage: 113960 KB
Fuse CPU Usage: 880 ms
GCC CPU Usage: 600 ms
