ISim log file
Running: /home/ise/v3/tb_motor_ctrl_top_isim_beh.exe -intstyle ise -gui -tclbatch isim.cmd -wdb /home/ise/v3/tb_motor_ctrl_top_isim_beh.wdb 
ISim P.20131013 (signature 0xfbc00daa)
----------------------------------------------------------------------
WARNING:Security:42 - Your software subscription period has lapsed. Your current version of Xilinx tools will continue to function, but you no longer qualify for Xilinx software updates or new releases.


----------------------------------------------------------------------
This is a Full version of ISim.
Time resolution is 1 ps
# onerror resume
# wave add /
# run 1000 ns
Simulator is doing circuit initialization process.
at 0 ps, Instance /tb_motor_ctrl_top/dut/u_pwm1/ : Warning: NUMERIC_STD."<": metavalue detected, returning FALSE
at 0 ps, Instance /tb_motor_ctrl_top/dut/u_pwm2/ : Warning: NUMERIC_STD."<": metavalue detected, returning FALSE
Finished circuit initialization process.
# run 50ms

** Failure:FIN DE PRUEBA
User(VHDL) Code Called Simulation Stop
In process tb_motor_ctrl_top.vhd:stim 
 
INFO: Simulator is stopped.
# run 100ms
INFO: Simulator is stopped.
# run 100ms
INFO: Simulator is stopped.
# run all
INFO: Simulator is stopped.
# run 100ms
INFO: Simulator is stopped.
